wandb: Currently logged in as: pimpraat (dl2_ae_flow). Use `wandb login --relogin` to force relogin
wandb: Appending key for api.wandb.ai to your netrc file: /home/lcur1708/.netrc
wandb: wandb version 0.15.2 is available!  To upgrade, please run:
wandb:  $ pip install wandb --upgrade
wandb: Tracking run with wandb version 0.15.0
wandb: Run data is saved locally in /home/lcur1708/ae_flow_git/ae_flow/wandb/run-20230507_134857-l7n1izjm
wandb: Run `wandb offline` to turn off syncing.
wandb: Syncing run soft-disco-35
wandb: â­ï¸ View project at https://wandb.ai/dl2_ae_flow/ae_flow
wandb: ðŸš€ View run at https://wandb.ai/dl2_ae_flow/ae_flow/runs/l7n1izjm
Length of th train loader: 21 given a batch size of 64
/home/lcur1708/.conda/envs/dl2022/lib/python3.10/site-packages/torchvision/models/_utils.py:208: UserWarning: The parameter 'pretrained' is deprecated since 0.13 and may be removed in the future, please use 'weights' instead.
  warnings.warn(
/home/lcur1708/.conda/envs/dl2022/lib/python3.10/site-packages/torchvision/models/_utils.py:223: UserWarning: Arguments other than a weight enum or `None` for 'weights' are deprecated since 0.13 and may be removed in the future. The current behavior is equivalent to passing `weights=Wide_ResNet50_2_Weights.IMAGENET1K_V1`. You can also use `weights=Wide_ResNet50_2_Weights.DEFAULT` to get the most up-to-date weights.
  warnings.warn(msg)
====> Epoch 0 : Average loss: 54245.5090
Sflow: tensor([-0., -0., -0., -0., -0., -0., -0., -0., -0., -0., -0., -0., -0., -0., -0., -0., -0., -0., -0., -0., -0., -0., -0., -0.,
        -0., -0., -0., -0., -0., -0., -0., -0., -0., -0., -0., -0., -0., -0., -0., -0., -0., -0., -0., -0., -0., -0., -0., -0.,
        -0., -0., -0., -0., -0., -0., -0., -0., -0., -0., -0., -0., -0., -0., -0., -0.],
       device='cuda:0'), Srecon:tensor([-0.1108, -0.1152, -0.0800, -0.1474, -0.1541, -0.1424, -0.0661, -0.1132,
        -0.0929, -0.1087, -0.0884, -0.1407, -0.1597, -0.0717, -0.1398, -0.1329,
        -0.1790, -0.0894, -0.1349, -0.1339, -0.1513, -0.1583, -0.1253, -0.1601,
        -0.1618, -0.1455, -0.1159, -0.1484, -0.1317, -0.1135, -0.1722, -0.1694,
        -0.0919, -0.2174, -0.0696, -0.1321, -0.1345, -0.1409, -0.0865, -0.1530,
        -0.1250, -0.1232, -0.1372, -0.1631,  0.0131, -0.1001, -0.0935, -0.1043,
        -0.1460, -0.0715, -0.0906, -0.1438, -0.0684, -0.1267, -0.1277, -0.1247,
        -0.1164, -0.1852, -0.1569, -0.0704, -0.1044, -0.0499, -0.1417, -0.1076],
       device='cuda:0')
Sflow: tensor([-0., -0., -0., -0., -0., -0., -0., -0., -0., -0., -0., -0., -0., -0., -0., -0., -0., -0., -0., -0., -0., -0., -0., -0.,
        -0., -0., -0., -0., -0., -0., -0., -0., -0., -0., -0., -0., -0., -0., -0., -0., -0., -0., -0., -0., -0., -0., -0., -0.,
        -0., -0., -0., -0., -0., -0., -0., -0., -0., -0., -0., -0., -0., -0., -0., -0.],
       device='cuda:0'), Srecon:tensor([-0.0836, -0.1065, -0.0284, -0.0638, -0.2085, -0.1989, -0.1102, -0.1143,
        -0.0819, -0.1154, -0.1415, -0.1008, -0.1130, -0.1252, -0.1127, -0.1182,
        -0.1923, -0.2217, -0.0656, -0.1598, -0.1525,  0.1442, -0.0719, -0.0566,
        -0.1945, -0.1611, -0.1411, -0.1868, -0.1386, -0.0973, -0.0830, -0.1137,
        -0.2241, -0.1048, -0.1228, -0.0930, -0.1697, -0.1196, -0.1064, -0.2158,
        -0.1471, -0.0564, -0.1497, -0.1680, -0.0863, -0.0558, -0.1986, -0.1073,
        -0.1714, -0.0831, -0.1048, -0.1163, -0.2273, -0.0818, -0.0516, -0.1148,
        -0.1258, -0.0998, -0.0912, -0.2131, -0.1419, -0.1588, -0.0908, -0.1507],
       device='cuda:0')
Sflow: tensor([-0., -0., -0., -0., -0., -0., -0., -0., -0., -0., -0., -0., -0., -0., -0., -0., -0., -0., -0., -0., -0., -0., -0., -0.,
        -0., -0., -0., -0., -0., -0., -0., -0., -0., -0., -0., -0., -0., -0., -0., -0., -0., -0., -0., -0., -0., -0., -0., -0.,
        -0., -0., -0., -0., -0., -0., -0., -0., -0., -0., -0., -0., -0., -0., -0., -0.],
       device='cuda:0'), Srecon:tensor([-0.1200, -0.1200, -0.1722, -0.1728, -0.1281, -0.1004, -0.0788, -0.0976,
        -0.1451, -0.1448, -0.1917, -0.1230, -0.1304, -0.2090, -0.1525, -0.1720,
        -0.0663, -0.1116, -0.1003, -0.2356, -0.1237, -0.0761, -0.1044, -0.1402,
        -0.1317, -0.1337, -0.1571, -0.2186, -0.1316, -0.2104, -0.1523, -0.0965,
        -0.1514, -0.2038, -0.1726, -0.0861, -0.1403, -0.1541, -0.1224, -0.0700,
        -0.1554, -0.1433, -0.1245, -0.2057, -0.1450, -0.1602, -0.0863, -0.0711,
        -0.1011, -0.1175, -0.1041, -0.1271, -0.0872, -0.1398, -0.1409, -0.1556,
        -0.2646, -0.1459, -0.1766, -0.1167, -0.0821, -0.0606, -0.1507, -0.1332],
       device='cuda:0')
Sflow: tensor([-0., -0., -0., -0., -0., -0., -0., -0., -0., -0., -0., -0., -0., -0., -0., -0., -0., -0., -0., -0., -0., -0., -0., -0.,
        -0., -0., -0., -0., -0., -0., -0., -0., -0., -0., -0., -0., -0., -0., -0., -0., -0., -0., -0., -0., -0., -0., -0., -0.,
        -0., -0., -0., -0., -0., -0., -0., -0., -0., -0., -0., -0., -0., -0., -0., -0.],
       device='cuda:0'), Srecon:tensor([-0.1388, -0.0705, -0.1230, -0.1253, -0.1314, -0.1257, -0.1453, -0.1553,
        -0.0887, -0.1700, -0.1176, -0.1238, -0.1402, -0.1486, -0.1950, -0.1243,
        -0.1281, -0.1756, -0.0985, -0.1664, -0.1422, -0.1211, -0.1168, -0.1007,
        -0.1230, -0.1556, -0.0847, -0.1663, -0.1610, -0.0867, -0.0949, -0.1357,
        -0.1556, -0.0168, -0.1446, -0.1485, -0.2252, -0.1571, -0.1168, -0.0873,
        -0.1215, -0.1260, -0.1322, -0.1469, -0.1973, -0.1295, -0.1449, -0.1196,
        -0.1411, -0.1405, -0.2187, -0.0866, -0.1809, -0.1779, -0.1724, -0.1168,
        -0.1141, -0.1406, -0.0730, -0.0978, -0.1146, -0.0974, -0.1286, -0.0508],
       device='cuda:0')
Sflow: tensor([-0., -0., -0., -0., -0., -0., -0., -0., -0., -0., -0., -0., -0., -0., -0., -0., -0., -0., -0., -0., -0., -0., -0., -0.,
        -0., -0., -0., -0., -0., -0., -0., -0., -0., -0., -0., -0., -0., -0., -0., -0., -0., -0., -0., -0., -0., -0., -0., -0.,
        -0., -0., -0., -0., -0., -0., -0., -0., -0., -0., -0., -0., -0., -0., -0., -0.],
       device='cuda:0'), Srecon:tensor([-0.1518, -0.1395, -0.1221, -0.1178, -0.1441, -0.0981, -0.1583, -0.0608,
        -0.1262, -0.1299, -0.1342, -0.0856, -0.1045, -0.0653, -0.1850, -0.1278,
        -0.1737, -0.0983, -0.0116, -0.1414, -0.1863, -0.1196, -0.0837, -0.0909,
        -0.1037, -0.1187, -0.1576, -0.1519, -0.0936, -0.1371, -0.0556, -0.0940,
        -0.0795, -0.1317, -0.1236, -0.1209, -0.0788, -0.1645, -0.1556, -0.0386,
        -0.1408, -0.0757, -0.1151, -0.0406, -0.0332, -0.0657, -0.0884, -0.0287,
        -0.1244, -0.1292, -0.0419, -0.1298, -0.1339, -0.1203, -0.0974, -0.0597,
        -0.0806, -0.1490, -0.1308, -0.1846, -0.1232, -0.1753, -0.1534, -0.0898],
       device='cuda:0')
Sflow: tensor([-0., -0., -0., -0., -0., -0., -0., -0., -0., -0., -0., -0., -0., -0., -0., -0., -0., -0., -0., -0., -0., -0., -0., -0.,
        -0., -0., -0., -0., -0., -0., -0., -0., -0., -0., -0., -0., -0., -0., -0., -0., -0., -0., -0., -0., -0., -0., -0., -0.,
        -0., -0., -0., -0., -0., -0., -0., -0., -0., -0., -0., -0., -0., -0., -0., -0.],
       device='cuda:0'), Srecon:tensor([-0.1116, -0.1395, -0.1577, -0.1672, -0.2258, -0.1403, -0.1663, -0.1191,
        -0.0913, -0.1474, -0.1715, -0.1199, -0.1674, -0.1160, -0.0747, -0.0634,
        -0.1167, -0.0915, -0.1527, -0.1486, -0.0671, -0.1845, -0.1663, -0.1628,
        -0.1049, -0.1276, -0.1470, -0.1339, -0.1213, -0.1227, -0.1543, -0.1068,
        -0.0860, -0.1907, -0.1638, -0.1744, -0.1250, -0.0931, -0.1512, -0.1184,
        -0.1222, -0.0786, -0.0935, -0.1935, -0.1300, -0.0865, -0.0545, -0.1914,
        -0.0895, -0.1335, -0.1285, -0.1919, -0.1097, -0.0985, -0.1153, -0.1938,
        -0.0787, -0.1147, -0.1279, -0.1694, -0.0812, -0.1329, -0.0821, -0.2053],
       device='cuda:0')
Sflow: tensor([-0., -0., -0., -0., -0., -0., -0., -0., -0., -0., -0., -0., -0., -0., -0., -0., -0., -0., -0., -0., -0., -0., -0., -0.,
        -0., -0., -0., -0., -0., -0., -0., -0., -0., -0., -0., -0., -0., -0., -0., -0., -0., -0., -0., -0., -0., -0., -0., -0.,
        -0., -0., -0., -0., -0., -0., -0., -0., -0., -0., -0., -0., -0., -0., -0., -0.],
       device='cuda:0'), Srecon:tensor([-0.1295, -0.1443, -0.1387, -0.1312, -0.1289, -0.0222,  0.0120, -0.1157,
        -0.1315, -0.1839, -0.1056, -0.0867, -0.1200, -0.1236, -0.1292, -0.1391,
        -0.0869, -0.1992, -0.1334, -0.0879, -0.1035, -0.2301, -0.0681, -0.2171,
        -0.1511, -0.2248, -0.1643, -0.1441, -0.0673, -0.0874, -0.0730, -0.1075,
        -0.1066, -0.0753, -0.0954, -0.0846, -0.1272, -0.1275, -0.1003, -0.1598,
        -0.1422, -0.1805, -0.1685, -0.0525, -0.1439, -0.1499, -0.0069, -0.1000,
        -0.2333, -0.1682, -0.0637, -0.0762, -0.1376, -0.2075, -0.1480, -0.1717,
        -0.1159, -0.1269, -0.1274, -0.1903, -0.1742, -0.0885, -0.0461, -0.1646],
       device='cuda:0')
Sflow: tensor([-0., -0., -0., -0., -0., -0., -0., -0., -0., -0., -0., -0., -0., -0., -0., -0., -0., -0., -0., -0., -0., -0., -0., -0.,
        -0., -0., -0., -0., -0., -0., -0., -0., -0., -0., -0., -0., -0., -0., -0., -0., -0., -0., -0., -0., -0., -0., -0., -0.,
        -0., -0., -0., -0., -0., -0., -0., -0., -0., -0., -0., -0., -0., -0., -0., -0.],
       device='cuda:0'), Srecon:tensor([-0.1318, -0.0894, -0.1168, -0.1449, -0.0873, -0.1656, -0.1379, -0.0984,
        -0.1067, -0.1959, -0.1465, -0.0783, -0.1201, -0.1162, -0.2473, -0.2205,
        -0.2687, -0.0574, -0.1065, -0.1084, -0.0759, -0.0703, -0.1974, -0.0572,
        -0.1118, -0.1236, -0.0928, -0.0969, -0.0812, -0.0999, -0.1576, -0.1360,
        -0.1358, -0.1904, -0.1368, -0.1448, -0.1437, -0.0965, -0.2022, -0.1090,
        -0.0865, -0.1568, -0.1029, -0.0973, -0.1530, -0.0699, -0.0993, -0.1210,
        -0.1065, -0.0289, -0.0698, -0.0980, -0.1210, -0.0883, -0.1307, -0.1094,
        -0.1398, -0.1258, -0.1168, -0.2953, -0.1289, -0.1094, -0.1223, -0.2051],
       device='cuda:0')
Sflow: tensor([-0., -0., -0., -0., -0., -0., -0., -0., -0., -0., -0., -0., -0., -0., -0., -0., -0., -0., -0., -0., -0., -0., -0., -0.,
        -0., -0., -0., -0., -0., -0., -0., -0., -0., -0., -0., -0., -0., -0., -0., -0., -0., -0., -0., -0., -0., -0., -0., -0.,
        -0., -0., -0., -0., -0., -0., -0., -0., -0., -0., -0., -0., -0., -0., -0., -0.],
       device='cuda:0'), Srecon:tensor([-0.1712, -0.0461, -0.0663, -0.0888, -0.2175, -0.1325, -0.1239, -0.0990,
        -0.0548, -0.1370, -0.0775, -0.0878, -0.0136, -0.1371, -0.1515, -0.0923,
        -0.1199, -0.1921, -0.1124, -0.1560, -0.1409, -0.1219, -0.1187, -0.1353,
        -0.0575, -0.1706, -0.0661, -0.0959, -0.0923, -0.0745, -0.0886, -0.1776,
        -0.1349, -0.1799, -0.1997, -0.1304, -0.1368, -0.1177, -0.1082, -0.1168,
        -0.1510, -0.0860, -0.1815, -0.1249, -0.1704, -0.1566, -0.1185, -0.1340,
        -0.1422, -0.0991, -0.1009, -0.1035, -0.2041, -0.2285, -0.1644, -0.0684,
        -0.0978, -0.1548, -0.1034, -0.1075, -0.1517, -0.2010, -0.2035, -0.0899],
       device='cuda:0')
Sflow: tensor([-0., -0., -0., -0., -0., -0., -0., -0., -0., -0., -0., -0., -0., -0., -0., -0., -0., -0., -0., -0., -0., -0., -0., -0.,
        -0., -0., -0., -0., -0., -0., -0., -0., -0., -0., -0., -0., -0., -0., -0., -0., -0., -0., -0., -0., -0., -0., -0., -0.,
        -0., -0., -0., -0., -0., -0., -0., -0., -0., -0., -0., -0., -0., -0., -0., -0.],
       device='cuda:0'), Srecon:tensor([-0.1248, -0.0621, -0.1530, -0.1127, -0.0916, -0.0646, -0.1426, -0.1134,
        -0.0656, -0.2069, -0.1500, -0.1433, -0.1222, -0.1684, -0.1190, -0.1600,
        -0.1211, -0.0685, -0.1158, -0.0972, -0.2052, -0.1879, -0.1422, -0.1248,
        -0.1480, -0.1238, -0.1381, -0.0904, -0.1820, -0.1338, -0.1321, -0.1817,
        -0.1992, -0.1228, -0.0983, -0.1197, -0.1658, -0.1681, -0.0764, -0.0795,
        -0.0755, -0.0983, -0.1080, -0.2054, -0.1048, -0.1676, -0.1422, -0.1314,
        -0.1075, -0.1336, -0.0830, -0.1511, -0.1584, -0.0718, -0.0636, -0.1888,
        -0.1039, -0.1018, -0.1497, -0.1081, -0.1903, -0.1193, -0.0836, -0.1728],
       device='cuda:0')
Sflow: tensor([-0., -0., -0., -0., -0., -0., -0., -0., -0., -0., -0., -0., -0., -0., -0., -0., -0., -0., -0., -0., -0., -0., -0., -0.,
        -0., -0., -0., -0., -0., -0., -0., -0., -0., -0., -0., -0., -0., -0., -0., -0., -0., -0., -0., -0., -0., -0., -0., -0.,
        -0., -0., -0., -0., -0., -0., -0., -0., -0., -0., -0., -0., -0., -0., -0., -0.],
       device='cuda:0'), Srecon:tensor([-0.0919, -0.1037, -0.1057, -0.2053, -0.2033, -0.0738, -0.1192, -0.1579,
        -0.1359, -0.1160, -0.1221, -0.1087, -0.1556, -0.1768, -0.1244, -0.1037,
        -0.1249, -0.2041, -0.1141, -0.1103, -0.1076, -0.1285, -0.1193, -0.1479,
        -0.1685, -0.1325, -0.1394, -0.1368, -0.1102, -0.0643, -0.1537, -0.0950,
        -0.1271, -0.1335, -0.1225, -0.1086, -0.1631, -0.0789, -0.2855, -0.0644,
        -0.0909, -0.0839, -0.1656, -0.1851, -0.0794, -0.1086, -0.1099, -0.0912,
        -0.0960, -0.0714, -0.0782, -0.0813, -0.1073, -0.1503, -0.0726, -0.1472,
        -0.1394, -0.1046, -0.1373, -0.0735, -0.0631, -0.1462, -0.0973, -0.0829],
       device='cuda:0')
Sflow: tensor([-0., -0., -0., -0., -0., -0., -0., -0., -0., -0., -0., -0., -0., -0., -0., -0., -0., -0., -0., -0., -0., -0., -0., -0.,
        -0., -0., -0., -0., -0., -0., -0., -0., -0., -0., -0., -0., -0., -0., -0., -0., -0., -0., -0., -0., -0., -0., -0., -0.,
        -0., -0., -0., -0., -0., -0., -0., -0., -0., -0., -0., -0., -0., -0., -0., -0.],
       device='cuda:0'), Srecon:tensor([-0.0859, -0.1375, -0.0998, -0.1367, -0.1270, -0.1486, -0.1322, -0.0836,
        -0.0839, -0.1005, -0.1206, -0.0651, -0.1538, -0.1037, -0.1372, -0.1194,
        -0.1499, -0.0996, -0.1436, -0.0764, -0.1022, -0.1731, -0.1703, -0.1268,
        -0.0568, -0.1980, -0.1209, -0.1173, -0.1695, -0.1422, -0.0989, -0.0181,
        -0.1197, -0.1772, -0.1710, -0.0093, -0.1450, -0.1078, -0.2028, -0.1121,
        -0.1300, -0.1526, -0.0895, -0.1161, -0.1268, -0.1780, -0.0725, -0.1934,
        -0.1281, -0.1809, -0.1355, -0.0663, -0.0899, -0.1247, -0.1520, -0.1159,
        -0.0748, -0.1829, -0.0612, -0.1565, -0.0795, -0.1295, -0.1252, -0.0896],
       device='cuda:0')
Sflow: tensor([-0., -0., -0., -0., -0., -0., -0., -0., -0., -0., -0., -0., -0., -0., -0., -0., -0., -0., -0., -0., -0., -0., -0., -0.,
        -0., -0., -0., -0., -0., -0., -0., -0., -0., -0., -0., -0., -0., -0., -0., -0., -0., -0., -0., -0., -0., -0., -0., -0.,
        -0., -0., -0., -0., -0., -0., -0., -0., -0., -0., -0., -0., -0., -0., -0., -0.],
       device='cuda:0'), Srecon:tensor([-0.1084, -0.1256, -0.1257, -0.1878, -0.1268, -0.1299, -0.0364, -0.1350,
        -0.0977, -0.1384, -0.1147, -0.1011, -0.1282, -0.1884, -0.1997, -0.1141,
        -0.1700, -0.1858, -0.1038, -0.1292, -0.1236, -0.1875, -0.1235, -0.0864,
        -0.1259, -0.0841, -0.1613, -0.1201, -0.0939, -0.1751, -0.0552, -0.0740,
        -0.0721, -0.1868, -0.1072, -0.0443, -0.1347, -0.1393, -0.1544, -0.0272,
        -0.1345, -0.2107, -0.1323, -0.0595, -0.1672, -0.1213, -0.1738, -0.1396,
        -0.0927, -0.1074, -0.1560, -0.0929, -0.1144, -0.1096, -0.1619, -0.0549,
        -0.1038, -0.1062, -0.1471, -0.0887, -0.1354, -0.1989, -0.0826, -0.1323],
       device='cuda:0')
Sflow: tensor([-0., -0., -0., -0., -0., -0., -0., -0., -0., -0., -0., -0., -0., -0., -0., -0., -0., -0., -0., -0., -0., -0., -0., -0.,
        -0., -0., -0., -0., -0., -0., -0., -0., -0., -0., -0., -0., -0., -0., -0., -0., -0., -0., -0., -0., -0., -0., -0., -0.,
        -0., -0., -0., -0., -0., -0., -0., -0., -0., -0., -0., -0., -0., -0., -0., -0.],
       device='cuda:0'), Srecon:tensor([-0.1287, -0.2213, -0.1140, -0.1294, -0.1495, -0.1453, -0.1092, -0.1216,
        -0.0571, -0.1170, -0.1242, -0.1069, -0.1252, -0.0768, -0.1151, -0.1053,
        -0.1279, -0.0789, -0.1001, -0.0981, -0.1689, -0.1731, -0.0814, -0.1055,
        -0.0221, -0.1367, -0.1490, -0.1375, -0.0999, -0.1260, -0.1925, -0.0975,
        -0.1161, -0.0891, -0.0791, -0.0927, -0.1439, -0.1077, -0.0379, -0.1567,
        -0.1317, -0.1428, -0.1405, -0.1504, -0.1144,  0.0010, -0.2782, -0.1096,
        -0.2072, -0.1269, -0.2143, -0.1572, -0.1129, -0.1293, -0.1901, -0.1425,
        -0.0763, -0.0551, -0.1101, -0.0465, -0.1538, -0.1403, -0.0990, -0.0605],
       device='cuda:0')
Sflow: tensor([-0., -0., -0., -0., -0., -0., -0., -0., -0., -0., -0., -0., -0., -0., -0., -0., -0., -0., -0., -0., -0., -0., -0., -0.,
        -0., -0., -0., -0., -0., -0., -0., -0., -0., -0., -0., -0., -0., -0., -0., -0., -0., -0., -0., -0., -0., -0., -0., -0.,
        -0., -0., -0., -0., -0., -0., -0., -0., -0., -0., -0., -0., -0., -0., -0., -0.],
       device='cuda:0'), Srecon:tensor([-0.1401, -0.1337, -0.0569, -0.1034, -0.1779, -0.0955, -0.0806, -0.1221,
        -0.1299, -0.0983, -0.1243, -0.1198, -0.2511, -0.2020, -0.1529, -0.0311,
        -0.1159, -0.1806, -0.0952, -0.2069, -0.1838, -0.1067, -0.1114, -0.1155,
        -0.1667, -0.1569, -0.1140, -0.1352, -0.1124, -0.1439, -0.1567, -0.0540,
        -0.1353, -0.1329, -0.0977, -0.1340, -0.1840, -0.0771, -0.1181, -0.0191,
        -0.0323, -0.0933, -0.2150, -0.1273, -0.1008, -0.0906, -0.0522, -0.1194,
        -0.1358, -0.1449, -0.0980, -0.1452, -0.0293, -0.0870, -0.1959, -0.1016,
        -0.1258, -0.1401, -0.0828, -0.1273, -0.1533, -0.1291, -0.1492, -0.0923],
       device='cuda:0')
Sflow: tensor([-0., -0., -0., -0., -0., -0., -0., -0., -0., -0., -0., -0., -0., -0., -0., -0., -0., -0., -0., -0., -0., -0., -0., -0.,
        -0., -0., -0., -0., -0., -0., -0., -0., -0., -0., -0., -0., -0., -0., -0., -0., -0., -0., -0., -0., -0., -0., -0., -0.,
        -0., -0., -0., -0., -0., -0., -0., -0., -0., -0., -0., -0., -0., -0., -0., -0.],
       device='cuda:0'), Srecon:tensor([-0.0800, -0.1913, -0.0904, -0.1171, -0.1676, -0.0924, -0.1946, -0.1326,
        -0.1016, -0.1218, -0.0873, -0.1097, -0.0496, -0.1007, -0.0887, -0.1027,
        -0.0896, -0.0975, -0.1220, -0.0530, -0.1705, -0.1085, -0.1270, -0.2547,
        -0.1848, -0.1524, -0.0934, -0.1462, -0.1265, -0.1751, -0.1515, -0.1726,
        -0.1066, -0.1843, -0.1052, -0.0629, -0.1317, -0.0830, -0.1725, -0.1532,
        -0.1209, -0.1590, -0.1212, -0.0549, -0.1682, -0.1223, -0.0872, -0.0068,
        -0.0627, -0.1344, -0.0786, -0.1079, -0.0888, -0.1899, -0.1379, -0.1005,
        -0.1774, -0.1741, -0.1992, -0.1989, -0.1379, -0.1206, -0.1532, -0.1696],
       device='cuda:0')
Sflow: tensor([-0., -0., -0., -0., -0., -0., -0., -0., -0., -0., -0., -0., -0., -0., -0., -0., -0., -0., -0., -0., -0., -0., -0., -0.,
        -0., -0., -0., -0., -0., -0., -0., -0., -0., -0., -0., -0., -0., -0., -0., -0., -0., -0., -0., -0., -0., -0., -0., -0.,
        -0., -0., -0., -0., -0., -0., -0., -0., -0., -0., -0., -0., -0., -0., -0., -0.],
       device='cuda:0'), Srecon:tensor([-0.0831, -0.1212, -0.1789, -0.1383, -0.1365, -0.1230, -0.0905, -0.1476,
        -0.1627, -0.0084, -0.1713, -0.0898, -0.0459, -0.1159, -0.0572, -0.0974,
         0.0169, -0.2373, -0.0818, -0.1461, -0.0494, -0.1234, -0.0891, -0.1377,
        -0.1140, -0.2317, -0.0656, -0.1056, -0.2119, -0.1325, -0.1479, -0.0577,
        -0.1448, -0.1207, -0.0572, -0.0623, -0.1038, -0.1199, -0.1105, -0.1397,
        -0.0744, -0.1176, -0.1190, -0.1624, -0.1289, -0.0754, -0.1117, -0.1546,
        -0.1915, -0.1641, -0.1637, -0.1168, -0.1630, -0.1721, -0.1544, -0.1899,
        -0.1704, -0.0291, -0.0736, -0.0627, -0.0687, -0.0824, -0.1249, -0.1600],
       device='cuda:0')
Sflow: tensor([-0., -0., -0., -0., -0., -0., -0., -0., -0., -0., -0., -0., -0., -0., -0., -0., -0., -0., -0., -0., -0., -0., -0., -0.,
        -0., -0., -0., -0., -0., -0., -0., -0., -0., -0., -0., -0., -0., -0., -0., -0., -0., -0., -0., -0., -0., -0., -0., -0.,
        -0., -0., -0., -0., -0., -0., -0., -0., -0., -0., -0., -0., -0., -0., -0., -0.],
       device='cuda:0'), Srecon:tensor([-0.1059, -0.0796, -0.1857, -0.0329, -0.1283, -0.1276, -0.1066, -0.1624,
        -0.2024, -0.1245, -0.1356, -0.0799, -0.0772, -0.1436, -0.1251, -0.1196,
        -0.1583, -0.1194, -0.1819, -0.1199, -0.0931, -0.1179, -0.1604, -0.1083,
        -0.1290, -0.1274, -0.1320, -0.0484, -0.1191, -0.1750, -0.0975, -0.0421,
        -0.0994, -0.2227, -0.1708, -0.1512, -0.1282, -0.1429, -0.1389, -0.1194,
        -0.1406, -0.1492, -0.2106, -0.1502, -0.1207, -0.0855, -0.1113, -0.0508,
        -0.1280, -0.1794, -0.1529, -0.1577, -0.1355, -0.1475, -0.1332, -0.1669,
        -0.0932, -0.0875, -0.1360, -0.0905, -0.1138, -0.1239, -0.0881, -0.1318],
       device='cuda:0')
Sflow: tensor([-0., -0., -0., -0., -0., -0., -0., -0., -0., -0., -0., -0., -0., -0., -0., -0., -0., -0., -0., -0., -0., -0., -0., -0.,
        -0., -0., -0., -0., -0., -0., -0., -0., -0., -0., -0., -0., -0., -0., -0., -0., -0., -0., -0., -0., -0., -0., -0., -0.,
        -0., -0., -0., -0., -0., -0., -0., -0., -0., -0., -0., -0., -0., -0., -0., -0.],
       device='cuda:0'), Srecon:tensor([-0.1580, -0.0637, -0.1250, -0.0942, -0.0638, -0.1303, -0.1003, -0.1413,
        -0.2014, -0.2532, -0.1105, -0.1368, -0.1987, -0.2111, -0.1075, -0.0897,
        -0.1219, -0.1029, -0.1631, -0.1349, -0.0993, -0.0213, -0.0842, -0.0827,
        -0.0990, -0.1302, -0.1082, -0.1214, -0.1232, -0.1597, -0.1847, -0.0815,
        -0.1095, -0.1571, -0.0381, -0.0470, -0.1299, -0.0725, -0.1058, -0.1219,
        -0.0512, -0.0889, -0.0603, -0.0880, -0.1566, -0.0850, -0.1539, -0.1312,
        -0.0868, -0.1467, -0.1904, -0.0953, -0.0892, -0.1835, -0.1667, -0.1449,
        -0.1463, -0.0834, -0.1573, -0.0568, -0.0891, -0.1291, -0.1315, -0.1302],
       device='cuda:0')
Sflow: tensor([-0., -0., -0., -0., -0., -0., -0., -0., -0., -0., -0., -0., -0., -0., -0., -0., -0., -0., -0., -0., -0., -0., -0., -0.,
        -0., -0., -0., -0., -0., -0., -0., -0., -0., -0., -0., -0., -0., -0., -0., -0., -0., -0., -0., -0., -0., -0., -0., -0.,
        -0., -0., -0., -0., -0., -0., -0., -0., -0., -0., -0., -0., -0., -0., -0., -0.],
       device='cuda:0'), Srecon:tensor([-0.0812, -0.0762, -0.0866, -0.0890, -0.0780, -0.0927, -0.1569, -0.0494,
        -0.0713, -0.1045, -0.1335, -0.1649, -0.1583, -0.1257, -0.1831, -0.1320,
        -0.1409, -0.0760, -0.1239, -0.1170, -0.1372, -0.2300, -0.0858, -0.1488,
        -0.1433, -0.1038, -0.1501, -0.1663, -0.1436, -0.1658, -0.1135, -0.0949,
        -0.1340, -0.1301, -0.1608, -0.1259, -0.1181, -0.0968, -0.1419, -0.1153,
        -0.1311, -0.1473, -0.1208, -0.1154, -0.1183, -0.2214, -0.1555, -0.1139,
        -0.1690, -0.1015, -0.2470, -0.0997, -0.1054, -0.1406, -0.1123, -0.1238,
        -0.1775, -0.1530, -0.1246, -0.0921, -0.0680, -0.1422, -0.0537, -0.1215],
       device='cuda:0')
Sflow: tensor([-0., -0., -0., -0., -0., -0., -0., -0., -0., -0., -0., -0., -0., -0., -0., -0., -0., -0., -0., -0., -0., -0., -0., -0.,
        -0., -0., -0., -0., -0., -0., -0., -0., -0., -0., -0., -0., -0., -0., -0., -0., -0., -0., -0., -0., -0., -0., -0., -0.,
        -0., -0., -0., -0., -0., -0., -0., -0., -0., -0., -0., -0., -0.],
       device='cuda:0'), Srecon:tensor([-0.0663, -0.1321, -0.1754, -0.2118, -0.0871, -0.1105, -0.0780, -0.0665,
        -0.0990, -0.0404, -0.1131, -0.0698, -0.0923, -0.1321, -0.1598, -0.0857,
        -0.1543, -0.1722, -0.2286, -0.1685, -0.1303, -0.1196, -0.0682, -0.0946,
        -0.1565, -0.1657, -0.0877, -0.1393, -0.1227, -0.1636, -0.1479, -0.1313,
        -0.1638, -0.1311, -0.1110, -0.0571, -0.1496, -0.1386, -0.1912, -0.1548,
        -0.0548, -0.1282, -0.0021, -0.2060, -0.1445, -0.1504, -0.1655, -0.1337,
        -0.1261, -0.0379, -0.1713, -0.0759, -0.1708, -0.1247, -0.1043, -0.0856,
        -0.0784, -0.0176, -0.0778, -0.1198, -0.1814], device='cuda:0')
Now moving onto finding the appropriate threshold (based on training data):
/home/lcur1708/.conda/envs/dl2022/lib/python3.10/site-packages/sklearn/metrics/_classification.py:1609: UndefinedMetricWarning: F-score is ill-defined and being set to 0.0 due to no true nor predicted samples. Use `zero_division` parameter to control this behavior.
  _warn_prf(average, "true nor predicted", "F-score is", len(true_sum))
Sflow: tensor([-0., -0., -0., -0., -0., -0., -0., -0., -0., -0., -0., -0., -0., -0., -0., -0.],
       device='cuda:0'), Srecon:tensor([-0.2453, -0.2100, -0.2280, -0.0959, -0.1844, -0.2160, -0.0014, -0.0382,
        -0.1544, -0.0908, -0.2467, -0.1836, -0.2155, -0.3053, -0.2861, -0.1356],
       device='cuda:0')
Epoch 0: {'AUC': 0.5, 'ACC': 0.5, 'SEN': 0.0, 'SPE': 1.0, 'F1': 0.0}
Duration for epoch 0: 35.717331647872925
====> Epoch 1 : Average loss: -165877.9100
Duration for epoch 1: 22.75833559036255
====> Epoch 2 : Average loss: -313208.9777
Duration for epoch 2: 22.908416032791138
====> Epoch 3 : Average loss: -390077.8229
Duration for epoch 3: 23.049021244049072
====> Epoch 4 : Average loss: -437201.0878
Duration for epoch 4: 23.15173840522766
====> Epoch 5 : Average loss: -474811.9271
Sflow: tensor([-0., -0., -0., -0., -0., -0., -0., -0., -0., -0., -0., -0., -0., -0., -0., -0., -0., -0., -0., -0., -0., -0., -0., -0.,
        -0., -0., -0., -0., -0., -0., -0., -0., -0., -0., -0., -0., -0., -0., -0., -0., -0., -0., -0., -0., -0., -0., -0., -0.,
        -0., -0., -0., -0., -0., -0., -0., -0., -0., -0., -0., -0., -0., -0., -0., -0.],
       device='cuda:0'), Srecon:tensor([-0.3028, -0.3320, -0.4260, -0.3305, -0.3029, -0.2933, -0.2662, -0.1823,
        -0.2919, -0.2399, -0.2853, -0.2995, -0.3180, -0.3240, -0.3162, -0.3194,
        -0.2422, -0.1726, -0.2113, -0.2887, -0.2968, -0.2431, -0.2948, -0.3375,
        -0.2847, -0.2258, -0.3147, -0.1967, -0.2735, -0.3543, -0.1407, -0.1979,
        -0.2572, -0.3448, -0.3017, -0.2168, -0.2203, -0.2838, -0.2643, -0.2551,
        -0.2476, -0.3453, -0.3753, -0.1635, -0.2925, -0.3019, -0.2993, -0.1518,
        -0.3403, -0.2806, -0.2975, -0.2249, -0.3233, -0.3131, -0.2680, -0.2207,
        -0.3757, -0.1880, -0.3152, -0.2963, -0.3780, -0.2933, -0.2524, -0.3115],
       device='cuda:0')
Sflow: tensor([-0., -0., -0., -0., -0., -0., -0., -0., -0., -0., -0., -0., -0., -0., -0., -0., -0., -0., -0., -0., -0., -0., -0., -0.,
        -0., -0., -0., -0., -0., -0., -0., -0., -0., -0., -0., -0., -0., -0., -0., -0., -0., -0., -0., -0., -0., -0., -0., -0.,
        -0., -0., -0., -0., -0., -0., -0., -0., -0., -0., -0., -0., -0., -0., -0., -0.],
       device='cuda:0'), Srecon:tensor([-0.2378, -0.2180, -0.2184, -0.1459, -0.2475, -0.2719, -0.2261, -0.2289,
        -0.3673, -0.2346, -0.2990, -0.2978, -0.3252, -0.3434, -0.2956, -0.4129,
        -0.2907, -0.2232, -0.2939, -0.3125, -0.3439, -0.2543, -0.2390, -0.3222,
        -0.2782, -0.3232, -0.3399, -0.3473, -0.3675, -0.3492, -0.2521, -0.3235,
        -0.2066, -0.2301, -0.2645, -0.2582, -0.0746, -0.2410, -0.4765, -0.2482,
        -0.2927, -0.2955, -0.2182, -0.2687, -0.2781, -0.2665, -0.4182, -0.2581,
        -0.3187, -0.2500, -0.2911, -0.2921, -0.3231, -0.3358, -0.2741, -0.2679,
        -0.1495, -0.3405, -0.2703, -0.2782, -0.2256, -0.3665, -0.2765, -0.3925],
       device='cuda:0')
Sflow: tensor([-0., -0., -0., -0., -0., -0., -0., -0., -0., -0., -0., -0., -0., -0., -0., -0., -0., -0., -0., -0., -0., -0., -0., -0.,
        -0., -0., -0., -0., -0., -0., -0., -0., -0., -0., -0., -0., -0., -0., -0., -0., -0., -0., -0., -0., -0., -0., -0., -0.,
        -0., -0., -0., -0., -0., -0., -0., -0., -0., -0., -0., -0., -0., -0., -0., -0.],
       device='cuda:0'), Srecon:tensor([-0.2791, -0.2205, -0.2899, -0.4382, -0.2656, -0.2448, -0.2395, -0.2850,
        -0.2912, -0.2782, -0.2297, -0.2528, -0.3054, -0.3145, -0.2374, -0.1729,
        -0.2671, -0.2508, -0.2656, -0.2484, -0.2619, -0.3227, -0.2930, -0.2740,
        -0.3109, -0.3530, -0.3432, -0.3243, -0.2916, -0.2456, -0.2609, -0.2260,
        -0.2490, -0.2340, -0.2541, -0.2385, -0.2257, -0.2494, -0.4248, -0.3011,
        -0.2836, -0.1722, -0.2215, -0.1579, -0.3429, -0.2324, -0.2074, -0.2876,
        -0.2606, -0.2887, -0.2859, -0.2171, -0.2257, -0.2402, -0.2374, -0.3116,
        -0.3840, -0.3033, -0.3967, -0.1979, -0.4318, -0.3407, -0.3062, -0.2955],
       device='cuda:0')
Sflow: tensor([-0., -0., -0., -0., -0., -0., -0., -0., -0., -0., -0., -0., -0., -0., -0., -0., -0., -0., -0., -0., -0., -0., -0., -0.,
        -0., -0., -0., -0., -0., -0., -0., -0., -0., -0., -0., -0., -0., -0., -0., -0., -0., -0., -0., -0., -0., -0., -0., -0.,
        -0., -0., -0., -0., -0., -0., -0., -0., -0., -0., -0., -0., -0., -0., -0., -0.],
       device='cuda:0'), Srecon:tensor([-0.1830, -0.2582, -0.2060, -0.2628, -0.2793, -0.3399, -0.2391, -0.2395,
        -0.2556, -0.2203, -0.2904, -0.3302, -0.3191, -0.3437, -0.2785, -0.2583,
        -0.3155, -0.2453, -0.3144, -0.2406, -0.2703, -0.2605, -0.3490, -0.3256,
        -0.2191, -0.2346, -0.3179, -0.3279, -0.2420, -0.2704, -0.2899, -0.2839,
        -0.2858, -0.3589, -0.2493, -0.2811, -0.2570, -0.2579, -0.2696, -0.2331,
        -0.1975, -0.3147, -0.3766, -0.3226, -0.3269, -0.3493, -0.2441, -0.4208,
        -0.3143, -0.2276, -0.2995, -0.2575, -0.3294, -0.2485, -0.2760, -0.2581,
        -0.3688, -0.3000, -0.2371, -0.3016, -0.1985, -0.2736, -0.2583, -0.4375],
       device='cuda:0')
Sflow: tensor([-0., -0., -0., -0., -0., -0., -0., -0., -0., -0., -0., -0., -0., -0., -0., -0., -0., -0., -0., -0., -0., -0., -0., -0.,
        -0., -0., -0., -0., -0., -0., -0., -0., -0., -0., -0., -0., -0., -0., -0., -0., -0., -0., -0., -0., -0., -0., -0., -0.,
        -0., -0., -0., -0., -0., -0., -0., -0., -0., -0., -0., -0., -0., -0., -0., -0.],
       device='cuda:0'), Srecon:tensor([-0.2558, -0.3545, -0.2734, -0.2135, -0.3015, -0.3319, -0.3350, -0.3184,
        -0.2594, -0.3791, -0.3992, -0.3536, -0.2380, -0.2506, -0.3852, -0.2365,
        -0.3553, -0.2532, -0.2104, -0.2424, -0.2733, -0.2187, -0.2779, -0.2748,
        -0.2488, -0.3998, -0.3246, -0.3210, -0.1972, -0.3187, -0.2505, -0.2411,
        -0.1677, -0.2904, -0.3526, -0.2429, -0.2022, -0.2732, -0.2105, -0.2703,
        -0.3109, -0.3149, -0.4241, -0.2368, -0.3147, -0.2304, -0.3149, -0.2214,
        -0.2870, -0.2266, -0.3016, -0.2816, -0.2735, -0.2281, -0.2783, -0.2179,
        -0.3035, -0.2047, -0.3210, -0.3216, -0.2255, -0.3049, -0.3058, -0.3218],
       device='cuda:0')
Sflow: tensor([-0., -0., -0., -0., -0., -0., -0., -0., -0., -0., -0., -0., -0., -0., -0., -0., -0., -0., -0., -0., -0., -0., -0., -0.,
        -0., -0., -0., -0., -0., -0., -0., -0., -0., -0., -0., -0., -0., -0., -0., -0., -0., -0., -0., -0., -0., -0., -0., -0.,
        -0., -0., -0., -0., -0., -0., -0., -0., -0., -0., -0., -0., -0., -0., -0., -0.],
       device='cuda:0'), Srecon:tensor([-0.2453, -0.3026, -0.3649, -0.2967, -0.2575, -0.3332, -0.2655, -0.3448,
        -0.3214, -0.2403, -0.2607, -0.3251, -0.2847, -0.3767, -0.2605, -0.2212,
        -0.2390, -0.1689, -0.3087, -0.2805, -0.3514, -0.2436, -0.2412, -0.3147,
        -0.3546, -0.3392, -0.3184, -0.1718, -0.2199, -0.2844, -0.3282, -0.2964,
        -0.3130, -0.2481, -0.3791, -0.2510, -0.2309, -0.2702, -0.3354, -0.2668,
        -0.3027, -0.2667, -0.1542, -0.2102, -0.3061, -0.2990, -0.2811, -0.2461,
        -0.3170, -0.2420, -0.2455, -0.3339, -0.2875, -0.2135, -0.2870, -0.2464,
        -0.2992, -0.2213, -0.2654, -0.2772, -0.2772, -0.3080, -0.3796, -0.3208],
       device='cuda:0')
Sflow: tensor([-0., -0., -0., -0., -0., -0., -0., -0., -0., -0., -0., -0., -0., -0., -0., -0., -0., -0., -0., -0., -0., -0., -0., -0.,
        -0., -0., -0., -0., -0., -0., -0., -0., -0., -0., -0., -0., -0., -0., -0., -0., -0., -0., -0., -0., -0., -0., -0., -0.,
        -0., -0., -0., -0., -0., -0., -0., -0., -0., -0., -0., -0., -0., -0., -0., -0.],
       device='cuda:0'), Srecon:tensor([-0.3299, -0.3320, -0.2239, -0.2373, -0.2608, -0.2773, -0.3019, -0.3040,
        -0.3152, -0.2861, -0.1679, -0.2222, -0.2757, -0.2440, -0.2407, -0.3192,
        -0.2840, -0.3392, -0.2298, -0.2815, -0.3398, -0.2658, -0.3242, -0.2300,
        -0.2946, -0.2800, -0.2440, -0.2519, -0.1208, -0.2934, -0.3283, -0.4003,
        -0.3366, -0.3339, -0.2704, -0.2664, -0.2914, -0.3511, -0.2745, -0.1696,
        -0.2486, -0.2837, -0.3264, -0.3406, -0.3472, -0.3492, -0.2746, -0.2941,
        -0.2683, -0.3576, -0.3135, -0.2763, -0.3654, -0.2469, -0.3108, -0.2212,
        -0.3289, -0.1781, -0.2992, -0.2985, -0.2542, -0.3637, -0.3264, -0.2326],
       device='cuda:0')
Sflow: tensor([-0., -0., -0., -0., -0., -0., -0., -0., -0., -0., -0., -0., -0., -0., -0., -0., -0., -0., -0., -0., -0., -0., -0., -0.,
        -0., -0., -0., -0., -0., -0., -0., -0., -0., -0., -0., -0., -0., -0., -0., -0., -0., -0., -0., -0., -0., -0., -0., -0.,
        -0., -0., -0., -0., -0., -0., -0., -0., -0., -0., -0., -0., -0., -0., -0., -0.],
       device='cuda:0'), Srecon:tensor([-0.1775, -0.2418, -0.2188, -0.3052, -0.2733, -0.2908, -0.3743, -0.2798,
        -0.3658, -0.3264, -0.1752, -0.1812, -0.2723, -0.2261, -0.2723, -0.3430,
        -0.3339, -0.4314, -0.2522, -0.2886, -0.2771, -0.3016, -0.2350, -0.2346,
        -0.4013, -0.2453, -0.2209, -0.2964, -0.3451, -0.3389, -0.3421, -0.3091,
        -0.4143, -0.2175, -0.3322, -0.3147, -0.1421, -0.2843, -0.3036, -0.2971,
        -0.2488, -0.2366, -0.2597, -0.2825, -0.3723, -0.2873, -0.3754, -0.3035,
        -0.3155, -0.3061, -0.3364, -0.2766, -0.2584, -0.2423, -0.3037, -0.3136,
        -0.3062, -0.3087, -0.2067, -0.3255, -0.2933, -0.3049, -0.2308, -0.3006],
       device='cuda:0')
Sflow: tensor([-0., -0., -0., -0., -0., -0., -0., -0., -0., -0., -0., -0., -0., -0., -0., -0., -0., -0., -0., -0., -0., -0., -0., -0.,
        -0., -0., -0., -0., -0., -0., -0., -0., -0., -0., -0., -0., -0., -0., -0., -0., -0., -0., -0., -0., -0., -0., -0., -0.,
        -0., -0., -0., -0., -0., -0., -0., -0., -0., -0., -0., -0., -0., -0., -0., -0.],
       device='cuda:0'), Srecon:tensor([-0.3147, -0.2311, -0.2311, -0.2774, -0.2871, -0.3453, -0.2210, -0.2975,
        -0.1943, -0.2251, -0.2934, -0.2145, -0.1544, -0.2426, -0.3010, -0.2688,
        -0.1845, -0.2800, -0.2170, -0.2018, -0.3562, -0.2919, -0.2711, -0.3165,
        -0.3163, -0.2048, -0.2807, -0.2625, -0.2580, -0.2664, -0.2471, -0.2449,
        -0.2209, -0.2424, -0.2490, -0.2131, -0.1999, -0.3648, -0.2773, -0.4506,
        -0.3174, -0.2548, -0.3362, -0.3288, -0.2964, -0.2498, -0.3054, -0.2869,
        -0.3309, -0.2235, -0.2627, -0.2270, -0.3053, -0.2557, -0.2299, -0.2417,
        -0.2507, -0.2960, -0.3064, -0.2749, -0.3790, -0.2908, -0.3132, -0.3740],
       device='cuda:0')
Sflow: tensor([-0., -0., -0., -0., -0., -0., -0., -0., -0., -0., -0., -0., -0., -0., -0., -0., -0., -0., -0., -0., -0., -0., -0., -0.,
        -0., -0., -0., -0., -0., -0., -0., -0., -0., -0., -0., -0., -0., -0., -0., -0., -0., -0., -0., -0., -0., -0., -0., -0.,
        -0., -0., -0., -0., -0., -0., -0., -0., -0., -0., -0., -0., -0., -0., -0., -0.],
       device='cuda:0'), Srecon:tensor([-0.2424, -0.2268, -0.3051, -0.3243, -0.2678, -0.3540, -0.1806, -0.3839,
        -0.2634, -0.3257, -0.3425, -0.3338, -0.2621, -0.2046, -0.3061, -0.3240,
        -0.2507, -0.2148, -0.1846, -0.3148, -0.2809, -0.3263, -0.3283, -0.2000,
        -0.2514, -0.2944, -0.2948, -0.2372, -0.4007, -0.1863, -0.3110, -0.3258,
        -0.3118, -0.3632, -0.3910, -0.2366, -0.3304, -0.2369, -0.2665, -0.1458,
        -0.3376, -0.2730, -0.4414, -0.2135, -0.2284, -0.2554, -0.2268, -0.2143,
        -0.2616, -0.3010, -0.2488, -0.3182, -0.2500, -0.4135, -0.2619, -0.2432,
        -0.2263, -0.3147, -0.3502, -0.2535, -0.2724, -0.2732, -0.3738, -0.2306],
       device='cuda:0')
Sflow: tensor([-0., -0., -0., -0., -0., -0., -0., -0., -0., -0., -0., -0., -0., -0., -0., -0., -0., -0., -0., -0., -0., -0., -0., -0.,
        -0., -0., -0., -0., -0., -0., -0., -0., -0., -0., -0., -0., -0., -0., -0., -0., -0., -0., -0., -0., -0., -0., -0., -0.,
        -0., -0., -0., -0., -0., -0., -0., -0., -0., -0., -0., -0., -0., -0., -0., -0.],
       device='cuda:0'), Srecon:tensor([-0.3887, -0.2637, -0.2422, -0.2753, -0.1790, -0.2846, -0.2611, -0.2529,
        -0.2775, -0.3437, -0.3341, -0.2510, -0.3293, -0.2501, -0.2895, -0.1830,
        -0.2400, -0.2914, -0.2894, -0.2845, -0.2769, -0.2632, -0.2190, -0.2528,
        -0.2478, -0.1215, -0.2580, -0.1944, -0.3774, -0.3096, -0.2070, -0.3382,
        -0.2601, -0.3161, -0.1918, -0.2512, -0.2738, -0.2812, -0.2465, -0.2967,
        -0.3454, -0.2945, -0.3157, -0.2885, -0.3704, -0.2185, -0.2939, -0.3425,
        -0.2851, -0.4200, -0.2723, -0.2378, -0.2259, -0.3219, -0.2984, -0.2357,
        -0.3266, -0.3217, -0.3016, -0.2350, -0.2795, -0.2218, -0.3005, -0.3075],
       device='cuda:0')
Sflow: tensor([-0., -0., -0., -0., -0., -0., -0., -0., -0., -0., -0., -0., -0., -0., -0., -0., -0., -0., -0., -0., -0., -0., -0., -0.,
        -0., -0., -0., -0., -0., -0., -0., -0., -0., -0., -0., -0., -0., -0., -0., -0., -0., -0., -0., -0., -0., -0., -0., -0.,
        -0., -0., -0., -0., -0., -0., -0., -0., -0., -0., -0., -0., -0., -0., -0., -0.],
       device='cuda:0'), Srecon:tensor([-0.3442, -0.3023, -0.2575, -0.2592, -0.2390, -0.2636, -0.2588, -0.2170,
        -0.2267, -0.4019, -0.3426, -0.3215, -0.3357, -0.3543, -0.3862, -0.2588,
        -0.2838, -0.2795, -0.2841, -0.3194, -0.2511, -0.3035, -0.2351, -0.3332,
        -0.2565, -0.2576, -0.2465, -0.2715, -0.2462, -0.3105, -0.3329, -0.1754,
        -0.2220, -0.3262, -0.1836, -0.3014, -0.1783, -0.3246, -0.3085, -0.3382,
        -0.2639, -0.3388, -0.3080, -0.3133, -0.3323, -0.3060, -0.2395, -0.3315,
        -0.3527, -0.2677, -0.2707, -0.2810, -0.2774, -0.2924, -0.3298, -0.3540,
        -0.2522, -0.3018, -0.2627, -0.2106, -0.2478, -0.2820, -0.2972, -0.2657],
       device='cuda:0')
Sflow: tensor([-0., -0., -0., -0., -0., -0., -0., -0., -0., -0., -0., -0., -0., -0., -0., -0., -0., -0., -0., -0., -0., -0., -0., -0.,
        -0., -0., -0., -0., -0., -0., -0., -0., -0., -0., -0., -0., -0., -0., -0., -0., -0., -0., -0., -0., -0., -0., -0., -0.,
        -0., -0., -0., -0., -0., -0., -0., -0., -0., -0., -0., -0., -0., -0., -0., -0.],
       device='cuda:0'), Srecon:tensor([-0.2787, -0.2602, -0.2458, -0.2210, -0.2193, -0.2608, -0.3361, -0.2333,
        -0.2481, -0.3075, -0.3879, -0.3662, -0.2509, -0.2015, -0.3080, -0.2870,
        -0.3305, -0.1958, -0.2449, -0.3505, -0.3320, -0.2522, -0.2956, -0.2536,
        -0.2765, -0.2658, -0.3203, -0.4278, -0.3006, -0.2567, -0.2133, -0.3589,
        -0.2819, -0.3034, -0.3384, -0.2544, -0.3117, -0.2029, -0.2511, -0.3598,
        -0.2692, -0.2975, -0.3328, -0.3243, -0.2036, -0.2446, -0.2681, -0.3514,
        -0.2518, -0.2538, -0.2848, -0.2678, -0.2112, -0.2550, -0.2165, -0.2618,
        -0.4211, -0.2027, -0.3283, -0.4351, -0.3821, -0.2570, -0.2460, -0.2987],
       device='cuda:0')
Sflow: tensor([-0., -0., -0., -0., -0., -0., -0., -0., -0., -0., -0., -0., -0., -0., -0., -0., -0., -0., -0., -0., -0., -0., -0., -0.,
        -0., -0., -0., -0., -0., -0., -0., -0., -0., -0., -0., -0., -0., -0., -0., -0., -0., -0., -0., -0., -0., -0., -0., -0.,
        -0., -0., -0., -0., -0., -0., -0., -0., -0., -0., -0., -0., -0., -0., -0., -0.],
       device='cuda:0'), Srecon:tensor([-0.2313, -0.3110, -0.3084, -0.2754, -0.2950, -0.2866, -0.2540, -0.2524,
        -0.1872, -0.1186, -0.3274, -0.3083, -0.2917, -0.2452, -0.1794, -0.3411,
        -0.2631, -0.2325, -0.3624, -0.1508, -0.4414, -0.2307, -0.2810, -0.2779,
        -0.3147, -0.2808, -0.3107, -0.2777, -0.2592, -0.2509, -0.3184, -0.2819,
        -0.2644, -0.2650, -0.3082, -0.2322, -0.4178, -0.2821, -0.1483, -0.2153,
        -0.2236, -0.2330, -0.2924, -0.2769, -0.3401, -0.3309, -0.2915, -0.2662,
        -0.2752, -0.2256, -0.2385, -0.3059, -0.3504, -0.3871, -0.1514, -0.2840,
        -0.2872, -0.2990, -0.2834, -0.2110, -0.3102, -0.2960, -0.3839, -0.3777],
       device='cuda:0')
Sflow: tensor([-0., -0., -0., -0., -0., -0., -0., -0., -0., -0., -0., -0., -0., -0., -0., -0., -0., -0., -0., -0., -0., -0., -0., -0.,
        -0., -0., -0., -0., -0., -0., -0., -0., -0., -0., -0., -0., -0., -0., -0., -0., -0., -0., -0., -0., -0., -0., -0., -0.,
        -0., -0., -0., -0., -0., -0., -0., -0., -0., -0., -0., -0., -0., -0., -0., -0.],
       device='cuda:0'), Srecon:tensor([-0.2368, -0.3294, -0.2763, -0.2710, -0.3069, -0.3383, -0.2880, -0.1972,
        -0.2805, -0.2918, -0.3352, -0.2665, -0.2947, -0.3097, -0.2106, -0.2309,
        -0.2533, -0.2460, -0.2421, -0.3083, -0.2424, -0.2900, -0.2679, -0.2134,
        -0.4172, -0.4418, -0.2097, -0.3076, -0.3320, -0.2517, -0.2635, -0.2655,
        -0.2686, -0.2709, -0.2326, -0.2456, -0.3185, -0.2769, -0.2295, -0.2718,
        -0.3064, -0.3909, -0.3019, -0.1977, -0.2964, -0.2565, -0.3262, -0.2695,
        -0.3308, -0.2378, -0.2975, -0.3082, -0.3179, -0.2764, -0.3871, -0.2891,
        -0.2283, -0.3704, -0.2703, -0.2497, -0.2497, -0.3113, -0.2114, -0.2769],
       device='cuda:0')
Sflow: tensor([-0., -0., -0., -0., -0., -0., -0., -0., -0., -0., -0., -0., -0., -0., -0., -0., -0., -0., -0., -0., -0., -0., -0., -0.,
        -0., -0., -0., -0., -0., -0., -0., -0., -0., -0., -0., -0., -0., -0., -0., -0., -0., -0., -0., -0., -0., -0., -0., -0.,
        -0., -0., -0., -0., -0., -0., -0., -0., -0., -0., -0., -0., -0., -0., -0., -0.],
       device='cuda:0'), Srecon:tensor([-0.2942, -0.2530, -0.1812, -0.2926, -0.2247, -0.2465, -0.2304, -0.2927,
        -0.2002, -0.1965, -0.3095, -0.2046, -0.2167, -0.2371, -0.2095, -0.3312,
        -0.3062, -0.2800, -0.2880, -0.2984, -0.3241, -0.3356, -0.3194, -0.2675,
        -0.3079, -0.2498, -0.2854, -0.2944, -0.3452, -0.3708, -0.4087, -0.2384,
        -0.2717, -0.2645, -0.3701, -0.3663, -0.3076, -0.2888, -0.3530, -0.2876,
        -0.2360, -0.1947, -0.2731, -0.4013, -0.3135, -0.1744, -0.2732, -0.2275,
        -0.2402, -0.3261, -0.2333, -0.3277, -0.3303, -0.2658, -0.2975, -0.2644,
        -0.3227, -0.2891, -0.2080, -0.3501, -0.2762, -0.3205, -0.2439, -0.2334],
       device='cuda:0')
Sflow: tensor([-0., -0., -0., -0., -0., -0., -0., -0., -0., -0., -0., -0., -0., -0., -0., -0., -0., -0., -0., -0., -0., -0., -0., -0.,
        -0., -0., -0., -0., -0., -0., -0., -0., -0., -0., -0., -0., -0., -0., -0., -0., -0., -0., -0., -0., -0., -0., -0., -0.,
        -0., -0., -0., -0., -0., -0., -0., -0., -0., -0., -0., -0., -0., -0., -0., -0.],
       device='cuda:0'), Srecon:tensor([-0.3003, -0.3393, -0.2129, -0.3064, -0.2612, -0.3674, -0.2225, -0.3212,
        -0.4032, -0.2403, -0.2124, -0.2758, -0.1409, -0.2041, -0.2971, -0.2556,
        -0.2036, -0.2702, -0.2364, -0.2769, -0.3029, -0.2963, -0.2995, -0.2578,
        -0.2593, -0.2704, -0.3235, -0.2501, -0.3558, -0.2389, -0.2794, -0.2722,
        -0.3473, -0.1764, -0.2487, -0.3255, -0.2604, -0.3124, -0.3333, -0.1897,
        -0.2435, -0.3055, -0.1788, -0.2522, -0.3627, -0.3019, -0.2739, -0.2740,
        -0.3254, -0.2734, -0.2457, -0.2938, -0.2999, -0.2021, -0.2537, -0.2621,
        -0.1625, -0.2229, -0.2327, -0.2887, -0.3458, -0.2992, -0.2295, -0.2929],
       device='cuda:0')
Sflow: tensor([-0., -0., -0., -0., -0., -0., -0., -0., -0., -0., -0., -0., -0., -0., -0., -0., -0., -0., -0., -0., -0., -0., -0., -0.,
        -0., -0., -0., -0., -0., -0., -0., -0., -0., -0., -0., -0., -0., -0., -0., -0., -0., -0., -0., -0., -0., -0., -0., -0.,
        -0., -0., -0., -0., -0., -0., -0., -0., -0., -0., -0., -0., -0., -0., -0., -0.],
       device='cuda:0'), Srecon:tensor([-0.2959, -0.2665, -0.2596, -0.2668, -0.3438, -0.2529, -0.2382, -0.2950,
        -0.2594, -0.3479, -0.2827, -0.2444, -0.2492, -0.2461, -0.3911, -0.3048,
        -0.3191, -0.2612, -0.2850, -0.2432, -0.3030, -0.2768, -0.4079, -0.2832,
        -0.3066, -0.3295, -0.2881, -0.2463, -0.2436, -0.2919, -0.2926, -0.1799,
        -0.2594, -0.3606, -0.2777, -0.4310, -0.1844, -0.3701, -0.2145, -0.2716,
        -0.2298, -0.2387, -0.2687, -0.3318, -0.2390, -0.2759, -0.3786, -0.2765,
        -0.3040, -0.3813, -0.2645, -0.2287, -0.2137, -0.2643, -0.2664, -0.3550,
        -0.2497, -0.3508, -0.2303, -0.2020, -0.3152, -0.3896, -0.2568, -0.3093],
       device='cuda:0')
Sflow: tensor([-0., -0., -0., -0., -0., -0., -0., -0., -0., -0., -0., -0., -0., -0., -0., -0., -0., -0., -0., -0., -0., -0., -0., -0.,
        -0., -0., -0., -0., -0., -0., -0., -0., -0., -0., -0., -0., -0., -0., -0., -0., -0., -0., -0., -0., -0., -0., -0., -0.,
        -0., -0., -0., -0., -0., -0., -0., -0., -0., -0., -0., -0., -0., -0., -0., -0.],
       device='cuda:0'), Srecon:tensor([-0.3564, -0.2604, -0.2198, -0.2138, -0.3573, -0.3349, -0.2052, -0.2743,
        -0.1999, -0.2743, -0.2319, -0.2781, -0.3934, -0.3791, -0.2783, -0.3117,
        -0.3202, -0.2528, -0.2158, -0.2549, -0.3688, -0.2028, -0.2213, -0.1960,
        -0.3372, -0.2276, -0.3523, -0.3197, -0.2684, -0.3612, -0.2709, -0.2690,
        -0.1833, -0.2932, -0.2706, -0.2117, -0.2616, -0.2773, -0.3390, -0.2815,
        -0.1921, -0.2938, -0.2745, -0.2145, -0.2593, -0.2004, -0.2874, -0.3345,
        -0.3270, -0.3085, -0.3333, -0.2827, -0.3181, -0.4415, -0.2517, -0.2169,
        -0.2587, -0.2935, -0.3619, -0.2504, -0.2408, -0.3278, -0.3294, -0.3286],
       device='cuda:0')
Sflow: tensor([-0., -0., -0., -0., -0., -0., -0., -0., -0., -0., -0., -0., -0., -0., -0., -0., -0., -0., -0., -0., -0., -0., -0., -0.,
        -0., -0., -0., -0., -0., -0., -0., -0., -0., -0., -0., -0., -0., -0., -0., -0., -0., -0., -0., -0., -0., -0., -0., -0.,
        -0., -0., -0., -0., -0., -0., -0., -0., -0., -0., -0., -0., -0., -0., -0., -0.],
       device='cuda:0'), Srecon:tensor([-0.2406, -0.2857, -0.2214, -0.3015, -0.3036, -0.3223, -0.3307, -0.2608,
        -0.2570, -0.2792, -0.2655, -0.2812, -0.2657, -0.3712, -0.1954, -0.2667,
        -0.2964, -0.2795, -0.2695, -0.2369, -0.3359, -0.4060, -0.3537, -0.2506,
        -0.3561, -0.2949, -0.2321, -0.2837, -0.1776, -0.2777, -0.3593, -0.2503,
        -0.2344, -0.3108, -0.3131, -0.2432, -0.2603, -0.2794, -0.2957, -0.3298,
        -0.2958, -0.3292, -0.2962, -0.2586, -0.2163, -0.2465, -0.2273, -0.3964,
        -0.2692, -0.3166, -0.2201, -0.3393, -0.3615, -0.4939, -0.2786, -0.2001,
        -0.2493, -0.3843, -0.2548, -0.2360, -0.2662, -0.2643, -0.3155, -0.3462],
       device='cuda:0')
Sflow: tensor([-0., -0., -0., -0., -0., -0., -0., -0., -0., -0., -0., -0., -0., -0., -0., -0., -0., -0., -0., -0., -0., -0., -0., -0.,
        -0., -0., -0., -0., -0., -0., -0., -0., -0., -0., -0., -0., -0., -0., -0., -0., -0., -0., -0., -0., -0., -0., -0., -0.,
        -0., -0., -0., -0., -0., -0., -0., -0., -0., -0., -0., -0., -0.],
       device='cuda:0'), Srecon:tensor([-0.3005, -0.2456, -0.2743, -0.2925, -0.3812, -0.3529, -0.3105, -0.3413,
        -0.2171, -0.3691, -0.3597, -0.2487, -0.2796, -0.2622, -0.2181, -0.2736,
        -0.2259, -0.3286, -0.3906, -0.2027, -0.2446, -0.3102, -0.2725, -0.1686,
        -0.2147, -0.3944, -0.2406, -0.2725, -0.3761, -0.2555, -0.3850, -0.3360,
        -0.2137, -0.3690, -0.2452, -0.2148, -0.2045, -0.3310, -0.3156, -0.3202,
        -0.3441, -0.2775, -0.3824, -0.2192, -0.2120, -0.2705, -0.2570, -0.2720,
        -0.2331, -0.3069, -0.3865, -0.3012, -0.3071, -0.2508, -0.2049, -0.3157,
        -0.3284, -0.3149, -0.3411, -0.3249, -0.2282], device='cuda:0')
Now moving onto finding the appropriate threshold (based on training data):
/home/lcur1708/.conda/envs/dl2022/lib/python3.10/site-packages/sklearn/metrics/_classification.py:1609: UndefinedMetricWarning: F-score is ill-defined and being set to 0.0 due to no true nor predicted samples. Use `zero_division` parameter to control this behavior.
  _warn_prf(average, "true nor predicted", "F-score is", len(true_sum))
/home/lcur1708/.conda/envs/dl2022/lib/python3.10/site-packages/sklearn/metrics/_classification.py:1609: UndefinedMetricWarning: F-score is ill-defined and being set to 0.0 due to no true nor predicted samples. Use `zero_division` parameter to control this behavior.
  _warn_prf(average, "true nor predicted", "F-score is", len(true_sum))
Sflow: tensor([-0., -0., -0., -0., -0., -0., -0., -0., -0., -0., -0., -0., -0., -0., -0., -0.],
       device='cuda:0'), Srecon:tensor([-0.4967, -0.3802, -0.4368, -0.3072, -0.4377, -0.4494, -0.1119, -0.1901,
        -0.3609, -0.3061, -0.4761, -0.3948, -0.4036, -0.5267, -0.4747, -0.3828],
       device='cuda:0')
Epoch 5: {'AUC': 0.5, 'ACC': 0.5, 'SEN': 0.0, 'SPE': 1.0, 'F1': 0.0}
Duration for epoch 5: 33.20974922180176
====> Epoch 6 : Average loss: -509788.2976
Duration for epoch 6: 23.364876985549927
srun: Job step aborted: Waiting up to 32 seconds for job step to finish.
slurmstepd: error: *** STEP 11734880.0 ON r29n3 CANCELLED AT 2023-05-07T13:53:08 DUE TO TIME LIMIT ***
slurmstepd: error: *** JOB 11734880 ON r29n3 CANCELLED AT 2023-05-07T13:53:08 DUE TO TIME LIMIT ***
