
CondaValueError: prefix already exists: /home/lcur1624/.conda/envs/dl2022

Collecting package metadata (repodata.json): ...working... done
Solving environment: ...working... done

Downloading and Extracting Packages
openssl-3.1.0        | 2.5 MB    |            |   0% openssl-3.1.0        | 2.5 MB    | ########## | 100% openssl-3.1.0        | 2.5 MB    | ########## | 100% 
Preparing transaction: ...working... done
Verifying transaction: ...working... done
Executing transaction: ...working... done
Installing pip dependencies: ...working... Ran pip subprocess with arguments:
['/home/lcur1624/.conda/envs/dl2022/bin/python', '-m', 'pip', 'install', '-U', '-r', '/home/lcur1624/ae_flow/job_files/condaenv.kqi5yr9z.requirements.txt']
Pip subprocess output:
Collecting nflows==0.12
  Downloading nflows-0.12.tar.gz (43 kB)
     ━━━━━━━━━━━━━━━━━━━━━━━━━━━━━━━━━━━━━━━━ 43.7/43.7 kB 6.1 MB/s eta 0:00:00
  Preparing metadata (setup.py): started
  Preparing metadata (setup.py): finished with status 'done'
Collecting scikit-learn==1.2.2
  Downloading scikit_learn-1.2.2-cp310-cp310-manylinux_2_17_x86_64.manylinux2014_x86_64.whl (9.6 MB)
     ━━━━━━━━━━━━━━━━━━━━━━━━━━━━━━━━━━━━━━━━ 9.6/9.6 MB 121.7 MB/s eta 0:00:00
Collecting wandb==0.15.0
  Downloading wandb-0.15.0-py3-none-any.whl (2.0 MB)
     ━━━━━━━━━━━━━━━━━━━━━━━━━━━━━━━━━━━━━━━━ 2.0/2.0 MB 95.9 MB/s eta 0:00:00
Requirement already satisfied: matplotlib in /home/lcur1624/.conda/envs/dl2022/lib/python3.10/site-packages (from nflows==0.12->-r /home/lcur1624/ae_flow/job_files/condaenv.kqi5yr9z.requirements.txt (line 1)) (3.7.1)
Requirement already satisfied: numpy in /home/lcur1624/.conda/envs/dl2022/lib/python3.10/site-packages (from nflows==0.12->-r /home/lcur1624/ae_flow/job_files/condaenv.kqi5yr9z.requirements.txt (line 1)) (1.23.5)
Requirement already satisfied: tensorboard in /home/lcur1624/.conda/envs/dl2022/lib/python3.10/site-packages (from nflows==0.12->-r /home/lcur1624/ae_flow/job_files/condaenv.kqi5yr9z.requirements.txt (line 1)) (2.10.1)
Requirement already satisfied: torch in /home/lcur1624/.conda/envs/dl2022/lib/python3.10/site-packages (from nflows==0.12->-r /home/lcur1624/ae_flow/job_files/condaenv.kqi5yr9z.requirements.txt (line 1)) (1.13.0)
Requirement already satisfied: tqdm in /home/lcur1624/.conda/envs/dl2022/lib/python3.10/site-packages (from nflows==0.12->-r /home/lcur1624/ae_flow/job_files/condaenv.kqi5yr9z.requirements.txt (line 1)) (4.65.0)
Collecting joblib>=1.1.1
  Downloading joblib-1.2.0-py3-none-any.whl (297 kB)
     ━━━━━━━━━━━━━━━━━━━━━━━━━━━━━━━━━━━━━━ 298.0/298.0 kB 38.8 MB/s eta 0:00:00
Collecting threadpoolctl>=2.0.0
  Downloading threadpoolctl-3.1.0-py3-none-any.whl (14 kB)
Requirement already satisfied: scipy>=1.3.2 in /home/lcur1624/.conda/envs/dl2022/lib/python3.10/site-packages (from scikit-learn==1.2.2->-r /home/lcur1624/ae_flow/job_files/condaenv.kqi5yr9z.requirements.txt (line 2)) (1.10.1)
Requirement already satisfied: protobuf!=4.21.0,<5,>=3.19.0 in /home/lcur1624/.conda/envs/dl2022/lib/python3.10/site-packages (from wandb==0.15.0->-r /home/lcur1624/ae_flow/job_files/condaenv.kqi5yr9z.requirements.txt (line 3)) (3.19.6)
Requirement already satisfied: requests<3,>=2.0.0 in /home/lcur1624/.conda/envs/dl2022/lib/python3.10/site-packages (from wandb==0.15.0->-r /home/lcur1624/ae_flow/job_files/condaenv.kqi5yr9z.requirements.txt (line 3)) (2.28.2)
Collecting appdirs>=1.4.3
  Downloading appdirs-1.4.4-py2.py3-none-any.whl (9.6 kB)
Collecting Click!=8.0.0,>=7.0
  Downloading click-8.1.3-py3-none-any.whl (96 kB)
     ━━━━━━━━━━━━━━━━━━━━━━━━━━━━━━━━━━━━━━━━ 96.6/96.6 kB 19.4 MB/s eta 0:00:00
Collecting GitPython!=3.1.29,>=1.0.0
  Downloading GitPython-3.1.31-py3-none-any.whl (184 kB)
     ━━━━━━━━━━━━━━━━━━━━━━━━━━━━━━━━━━━━━━ 184.3/184.3 kB 23.5 MB/s eta 0:00:00
Collecting sentry-sdk>=1.0.0
  Downloading sentry_sdk-1.22.1-py2.py3-none-any.whl (203 kB)
     ━━━━━━━━━━━━━━━━━━━━━━━━━━━━━━━━━━━━━━ 203.1/203.1 kB 33.7 MB/s eta 0:00:00
Collecting docker-pycreds>=0.4.0
  Downloading docker_pycreds-0.4.0-py2.py3-none-any.whl (9.0 kB)
Collecting pathtools
  Downloading pathtools-0.1.2.tar.gz (11 kB)
  Preparing metadata (setup.py): started
  Preparing metadata (setup.py): finished with status 'done'
Requirement already satisfied: PyYAML in /home/lcur1624/.conda/envs/dl2022/lib/python3.10/site-packages (from wandb==0.15.0->-r /home/lcur1624/ae_flow/job_files/condaenv.kqi5yr9z.requirements.txt (line 3)) (6.0)
Requirement already satisfied: psutil>=5.0.0 in /home/lcur1624/.conda/envs/dl2022/lib/python3.10/site-packages (from wandb==0.15.0->-r /home/lcur1624/ae_flow/job_files/condaenv.kqi5yr9z.requirements.txt (line 3)) (5.9.5)
Collecting setproctitle
  Downloading setproctitle-1.3.2-cp310-cp310-manylinux_2_5_x86_64.manylinux1_x86_64.manylinux_2_17_x86_64.manylinux2014_x86_64.whl (30 kB)
Requirement already satisfied: setuptools in /home/lcur1624/.conda/envs/dl2022/lib/python3.10/site-packages (from wandb==0.15.0->-r /home/lcur1624/ae_flow/job_files/condaenv.kqi5yr9z.requirements.txt (line 3)) (67.7.2)
Requirement already satisfied: six>=1.4.0 in /home/lcur1624/.conda/envs/dl2022/lib/python3.10/site-packages (from docker-pycreds>=0.4.0->wandb==0.15.0->-r /home/lcur1624/ae_flow/job_files/condaenv.kqi5yr9z.requirements.txt (line 3)) (1.16.0)
Collecting gitdb<5,>=4.0.1
  Downloading gitdb-4.0.10-py3-none-any.whl (62 kB)
     ━━━━━━━━━━━━━━━━━━━━━━━━━━━━━━━━━━━━━━━━ 62.7/62.7 kB 14.0 MB/s eta 0:00:00
Requirement already satisfied: idna<4,>=2.5 in /home/lcur1624/.conda/envs/dl2022/lib/python3.10/site-packages (from requests<3,>=2.0.0->wandb==0.15.0->-r /home/lcur1624/ae_flow/job_files/condaenv.kqi5yr9z.requirements.txt (line 3)) (3.4)
Requirement already satisfied: certifi>=2017.4.17 in /home/lcur1624/.conda/envs/dl2022/lib/python3.10/site-packages (from requests<3,>=2.0.0->wandb==0.15.0->-r /home/lcur1624/ae_flow/job_files/condaenv.kqi5yr9z.requirements.txt (line 3)) (2022.12.7)
Requirement already satisfied: charset-normalizer<4,>=2 in /home/lcur1624/.conda/envs/dl2022/lib/python3.10/site-packages (from requests<3,>=2.0.0->wandb==0.15.0->-r /home/lcur1624/ae_flow/job_files/condaenv.kqi5yr9z.requirements.txt (line 3)) (3.1.0)
Requirement already satisfied: urllib3<1.27,>=1.21.1 in /home/lcur1624/.conda/envs/dl2022/lib/python3.10/site-packages (from requests<3,>=2.0.0->wandb==0.15.0->-r /home/lcur1624/ae_flow/job_files/condaenv.kqi5yr9z.requirements.txt (line 3)) (1.26.15)
Requirement already satisfied: python-dateutil>=2.7 in /home/lcur1624/.conda/envs/dl2022/lib/python3.10/site-packages (from matplotlib->nflows==0.12->-r /home/lcur1624/ae_flow/job_files/condaenv.kqi5yr9z.requirements.txt (line 1)) (2.8.2)
Requirement already satisfied: kiwisolver>=1.0.1 in /home/lcur1624/.conda/envs/dl2022/lib/python3.10/site-packages (from matplotlib->nflows==0.12->-r /home/lcur1624/ae_flow/job_files/condaenv.kqi5yr9z.requirements.txt (line 1)) (1.4.4)
Requirement already satisfied: cycler>=0.10 in /home/lcur1624/.conda/envs/dl2022/lib/python3.10/site-packages (from matplotlib->nflows==0.12->-r /home/lcur1624/ae_flow/job_files/condaenv.kqi5yr9z.requirements.txt (line 1)) (0.11.0)
Requirement already satisfied: fonttools>=4.22.0 in /home/lcur1624/.conda/envs/dl2022/lib/python3.10/site-packages (from matplotlib->nflows==0.12->-r /home/lcur1624/ae_flow/job_files/condaenv.kqi5yr9z.requirements.txt (line 1)) (4.39.3)
Requirement already satisfied: contourpy>=1.0.1 in /home/lcur1624/.conda/envs/dl2022/lib/python3.10/site-packages (from matplotlib->nflows==0.12->-r /home/lcur1624/ae_flow/job_files/condaenv.kqi5yr9z.requirements.txt (line 1)) (1.0.7)
Requirement already satisfied: packaging>=20.0 in /home/lcur1624/.conda/envs/dl2022/lib/python3.10/site-packages (from matplotlib->nflows==0.12->-r /home/lcur1624/ae_flow/job_files/condaenv.kqi5yr9z.requirements.txt (line 1)) (23.1)
Requirement already satisfied: pyparsing>=2.3.1 in /home/lcur1624/.conda/envs/dl2022/lib/python3.10/site-packages (from matplotlib->nflows==0.12->-r /home/lcur1624/ae_flow/job_files/condaenv.kqi5yr9z.requirements.txt (line 1)) (3.0.9)
Requirement already satisfied: pillow>=6.2.0 in /home/lcur1624/.conda/envs/dl2022/lib/python3.10/site-packages (from matplotlib->nflows==0.12->-r /home/lcur1624/ae_flow/job_files/condaenv.kqi5yr9z.requirements.txt (line 1)) (9.5.0)
Requirement already satisfied: werkzeug>=1.0.1 in /home/lcur1624/.conda/envs/dl2022/lib/python3.10/site-packages (from tensorboard->nflows==0.12->-r /home/lcur1624/ae_flow/job_files/condaenv.kqi5yr9z.requirements.txt (line 1)) (2.2.3)
Requirement already satisfied: markdown>=2.6.8 in /home/lcur1624/.conda/envs/dl2022/lib/python3.10/site-packages (from tensorboard->nflows==0.12->-r /home/lcur1624/ae_flow/job_files/condaenv.kqi5yr9z.requirements.txt (line 1)) (3.4.3)
Requirement already satisfied: tensorboard-data-server<0.7.0,>=0.6.0 in /home/lcur1624/.conda/envs/dl2022/lib/python3.10/site-packages (from tensorboard->nflows==0.12->-r /home/lcur1624/ae_flow/job_files/condaenv.kqi5yr9z.requirements.txt (line 1)) (0.6.1)
Requirement already satisfied: wheel>=0.26 in /home/lcur1624/.conda/envs/dl2022/lib/python3.10/site-packages (from tensorboard->nflows==0.12->-r /home/lcur1624/ae_flow/job_files/condaenv.kqi5yr9z.requirements.txt (line 1)) (0.40.0)
Requirement already satisfied: google-auth<3,>=1.6.3 in /home/lcur1624/.conda/envs/dl2022/lib/python3.10/site-packages (from tensorboard->nflows==0.12->-r /home/lcur1624/ae_flow/job_files/condaenv.kqi5yr9z.requirements.txt (line 1)) (2.17.3)
Requirement already satisfied: absl-py>=0.4 in /home/lcur1624/.conda/envs/dl2022/lib/python3.10/site-packages (from tensorboard->nflows==0.12->-r /home/lcur1624/ae_flow/job_files/condaenv.kqi5yr9z.requirements.txt (line 1)) (1.4.0)
Requirement already satisfied: grpcio>=1.24.3 in /home/lcur1624/.conda/envs/dl2022/lib/python3.10/site-packages (from tensorboard->nflows==0.12->-r /home/lcur1624/ae_flow/job_files/condaenv.kqi5yr9z.requirements.txt (line 1)) (1.54.0)
Requirement already satisfied: tensorboard-plugin-wit>=1.6.0 in /home/lcur1624/.conda/envs/dl2022/lib/python3.10/site-packages (from tensorboard->nflows==0.12->-r /home/lcur1624/ae_flow/job_files/condaenv.kqi5yr9z.requirements.txt (line 1)) (1.8.1)
Requirement already satisfied: google-auth-oauthlib<0.5,>=0.4.1 in /home/lcur1624/.conda/envs/dl2022/lib/python3.10/site-packages (from tensorboard->nflows==0.12->-r /home/lcur1624/ae_flow/job_files/condaenv.kqi5yr9z.requirements.txt (line 1)) (0.4.6)
Requirement already satisfied: typing_extensions in /home/lcur1624/.conda/envs/dl2022/lib/python3.10/site-packages (from torch->nflows==0.12->-r /home/lcur1624/ae_flow/job_files/condaenv.kqi5yr9z.requirements.txt (line 1)) (4.5.0)
Collecting smmap<6,>=3.0.1
  Downloading smmap-5.0.0-py3-none-any.whl (24 kB)
Requirement already satisfied: cachetools<6.0,>=2.0.0 in /home/lcur1624/.conda/envs/dl2022/lib/python3.10/site-packages (from google-auth<3,>=1.6.3->tensorboard->nflows==0.12->-r /home/lcur1624/ae_flow/job_files/condaenv.kqi5yr9z.requirements.txt (line 1)) (5.3.0)
Requirement already satisfied: rsa<5,>=3.1.4 in /home/lcur1624/.conda/envs/dl2022/lib/python3.10/site-packages (from google-auth<3,>=1.6.3->tensorboard->nflows==0.12->-r /home/lcur1624/ae_flow/job_files/condaenv.kqi5yr9z.requirements.txt (line 1)) (4.9)
Requirement already satisfied: pyasn1-modules>=0.2.1 in /home/lcur1624/.conda/envs/dl2022/lib/python3.10/site-packages (from google-auth<3,>=1.6.3->tensorboard->nflows==0.12->-r /home/lcur1624/ae_flow/job_files/condaenv.kqi5yr9z.requirements.txt (line 1)) (0.3.0)
Requirement already satisfied: requests-oauthlib>=0.7.0 in /home/lcur1624/.conda/envs/dl2022/lib/python3.10/site-packages (from google-auth-oauthlib<0.5,>=0.4.1->tensorboard->nflows==0.12->-r /home/lcur1624/ae_flow/job_files/condaenv.kqi5yr9z.requirements.txt (line 1)) (1.3.1)
Requirement already satisfied: MarkupSafe>=2.1.1 in /home/lcur1624/.conda/envs/dl2022/lib/python3.10/site-packages (from werkzeug>=1.0.1->tensorboard->nflows==0.12->-r /home/lcur1624/ae_flow/job_files/condaenv.kqi5yr9z.requirements.txt (line 1)) (2.1.2)
Requirement already satisfied: pyasn1<0.6.0,>=0.4.6 in /home/lcur1624/.conda/envs/dl2022/lib/python3.10/site-packages (from pyasn1-modules>=0.2.1->google-auth<3,>=1.6.3->tensorboard->nflows==0.12->-r /home/lcur1624/ae_flow/job_files/condaenv.kqi5yr9z.requirements.txt (line 1)) (0.5.0)
Requirement already satisfied: oauthlib>=3.0.0 in /home/lcur1624/.conda/envs/dl2022/lib/python3.10/site-packages (from requests-oauthlib>=0.7.0->google-auth-oauthlib<0.5,>=0.4.1->tensorboard->nflows==0.12->-r /home/lcur1624/ae_flow/job_files/condaenv.kqi5yr9z.requirements.txt (line 1)) (3.2.2)
Building wheels for collected packages: nflows, pathtools
  Building wheel for nflows (setup.py): started
  Building wheel for nflows (setup.py): finished with status 'done'
  Created wheel for nflows: filename=nflows-0.12-py3-none-any.whl size=52304 sha256=d98582e33fbae76be63ed900708169961e9c0c62695d76ee32ea5b81dcdad19c
  Stored in directory: /home/lcur1624/.cache/pip/wheels/c9/0b/ea/71c81fd0de6e0b3e8759f3d4ab226e025669e88afc6ee004ed
  Building wheel for pathtools (setup.py): started
  Building wheel for pathtools (setup.py): finished with status 'done'
  Created wheel for pathtools: filename=pathtools-0.1.2-py3-none-any.whl size=8791 sha256=78b3ce34112bc99b179fc97778602400270311d4a71310351a2494bf11cd584c
  Stored in directory: /home/lcur1624/.cache/pip/wheels/e7/f3/22/152153d6eb222ee7a56ff8617d80ee5207207a8c00a7aab794
Successfully built nflows pathtools
Installing collected packages: pathtools, appdirs, threadpoolctl, smmap, setproctitle, sentry-sdk, joblib, docker-pycreds, Click, scikit-learn, gitdb, GitPython, wandb, nflows
  Attempting uninstall: nflows
    Found existing installation: nflows 0.14
    Uninstalling nflows-0.14:
      Successfully uninstalled nflows-0.14
Successfully installed Click-8.1.3 GitPython-3.1.31 appdirs-1.4.4 docker-pycreds-0.4.0 gitdb-4.0.10 joblib-1.2.0 nflows-0.12 pathtools-0.1.2 scikit-learn-1.2.2 sentry-sdk-1.22.1 setproctitle-1.3.2 smmap-5.0.0 threadpoolctl-3.1.0 wandb-0.15.0

done


==> WARNING: A newer version of conda exists. <==
  current version: 4.10.1
  latest version: 23.3.1

Please update conda by running

    $ conda update -n base -c defaults conda


#
# To activate this environment, use
#
#     $ conda activate dl2022
#
# To deactivate an active environment, use
#
#     $ conda deactivate

